"../../../../../../Users/Jedd/Desktop/Speckle Repos/Unreal/SpeckleUnrealProject/Content/MySpeckleUnrealActor.uasset" 0
"../../../../../../Users/Jedd/Desktop/Speckle Repos/Unreal/SpeckleUnrealProject/Content/NewMap_BuiltData.uasset" 1
"../../../../../../Users/Jedd/Desktop/Speckle Repos/Unreal/SpeckleUnrealProject/Content/TestMap_BuiltData.uasset" 2
"../../../../../../Users/Jedd/Desktop/Speckle Repos/Unreal/SpeckleUnrealProject/Plugins/SpeckleUnreal/Content/SpeckleMaterial.uasset" 3
"../../../../../../Users/Jedd/Desktop/Speckle Repos/Unreal/SpeckleUnrealProject/Content/SpeckleMaterial.uasset" 4
"../../../../../../Users/Jedd/Desktop/Speckle Repos/Unreal/SpeckleUnrealProject/Content/TestMaterial.uasset" 5
"../../../../../../Users/Jedd/Desktop/Speckle Repos/Unreal/SpeckleUnrealProject/Content/Speckle/19f0ffa142/Geometry/11144a2ae24f662b284a24913e9d74a0.uasset" 6
"../../../../../../Users/Jedd/Desktop/Speckle Repos/Unreal/SpeckleUnrealProject/Content/Speckle/19f0ffa142/Geometry/16dcfd0831db7965941b182b26a2e730.uasset" 7
"../../../../../../Users/Jedd/Desktop/Speckle Repos/Unreal/SpeckleUnrealProject/Content/Speckle/19f0ffa142/Geometry/189e8afcbbf2c74eb2bc950bef3311c8.uasset" 8
"../../../../../../Users/Jedd/Desktop/Speckle Repos/Unreal/SpeckleUnrealProject/Content/Speckle/19f0ffa142/Geometry/19b4d07ed4139ef719ce6b7119d0a236.uasset" 9
"../../../../../../Users/Jedd/Desktop/Speckle Repos/Unreal/SpeckleUnrealProject/Content/Speckle/19f0ffa142/Geometry/19d4d1b9c78b5a899a8184bd81c8a9b6.uasset" 10
"../../../../../../Users/Jedd/Desktop/Speckle Repos/Unreal/SpeckleUnrealProject/Content/Speckle/19f0ffa142/Geometry/30ba62067afed1fb07e75e36efd51fa9.uasset" 11
"../../../../../../Users/Jedd/Desktop/Speckle Repos/Unreal/SpeckleUnrealProject/Content/Speckle/19f0ffa142/Geometry/37e8eeb7c61a0c7f2b45fdab8397d511.uasset" 12
"../../../../../../Users/Jedd/Desktop/Speckle Repos/Unreal/SpeckleUnrealProject/Content/Speckle/19f0ffa142/Geometry/3855baadba985be10e17d973444939c1.uasset" 13
"../../../../../../Users/Jedd/Desktop/Speckle Repos/Unreal/SpeckleUnrealProject/Content/Speckle/19f0ffa142/Geometry/517eb31802ac5df2904b38f325e13b21.uasset" 14
"../../../../../../Users/Jedd/Desktop/Speckle Repos/Unreal/SpeckleUnrealProject/Content/Speckle/19f0ffa142/Geometry/54f64de64cb1feab09e42b1490caa916.uasset" 15
"../../../../../../Users/Jedd/Desktop/Speckle Repos/Unreal/SpeckleUnrealProject/Content/Speckle/19f0ffa142/Geometry/5bb164626b9a03f55119d89c2319d12e.uasset" 16
"../../../../../../Users/Jedd/Desktop/Speckle Repos/Unreal/SpeckleUnrealProject/Content/Speckle/19f0ffa142/Geometry/602cb02a125d2c04d956cae4a82a829a.uasset" 17
"../../../../../../Users/Jedd/Desktop/Speckle Repos/Unreal/SpeckleUnrealProject/Content/Speckle/19f0ffa142/Geometry/86d99de9f7dbab8919cbecd33d4d0d36.uasset" 18
"../../../../../../Users/Jedd/Desktop/Speckle Repos/Unreal/SpeckleUnrealProject/Content/Speckle/19f0ffa142/Geometry/8ae4749fed86730c9d41ef9ba347febc.uasset" 19
"../../../../../../Users/Jedd/Desktop/Speckle Repos/Unreal/SpeckleUnrealProject/Content/Speckle/19f0ffa142/Geometry/c3c8da90029fa5a6edeca662a1c49f7b.uasset" 20
"../../../../../../Users/Jedd/Desktop/Speckle Repos/Unreal/SpeckleUnrealProject/Content/Speckle/19f0ffa142/Geometry/c7fb29abfdc0c6ad02cfd46893083fbc.uasset" 21
"../../../../../../Users/Jedd/Desktop/Speckle Repos/Unreal/SpeckleUnrealProject/Content/Speckle/19f0ffa142/Geometry/d28fb91421d222546a64ddf3a8a42db4.uasset" 22
"../../../../../../Users/Jedd/Desktop/Speckle Repos/Unreal/SpeckleUnrealProject/Content/Speckle/19f0ffa142/Geometry/e171118ec8442a4f63213716a0728254.uasset" 23
"../../../../../../Users/Jedd/Desktop/Speckle Repos/Unreal/SpeckleUnrealProject/Content/Speckle/19f0ffa142/Geometry/e7fb835f536659e398114e38a9adfe20.uasset" 24
"../../../../../../Users/Jedd/Desktop/Speckle Repos/Unreal/SpeckleUnrealProject/Content/Speckle/19f0ffa142/Geometry/f19945dc951431a7ade45d63bb8de65a.uasset" 25
"../../../Engine/Content/EngineMaterials/T_Default_Material_Grid_N.uasset" 26
"../../../Engine/Content/EngineMaterials/T_Default_Material_Grid_M.uasset" 27
"../../../Engine/Content/Functions/Engine_MaterialFunctions01/Opacity/CameraDepthFade.uasset" 28
"../../../Engine/Content/EngineMaterials/WorldGridMaterial.uasset" 29
"../../../Engine/Content/ArtTools/RenderToTexture/Meshes/S_1_Unit_Plane.uasset" 30
"../../../Engine/Content/EngineMaterials/DefaultMaterial.uasset" 31
"../../../Engine/Content/BasicShapes/Cone.uasset" 32
"../../../Engine/Content/BasicShapes/Cube.uasset" 33
"../../../Engine/Content/BasicShapes/Plane.uasset" 34
"../../../Engine/Content/BasicShapes/Sphere.uasset" 35
"../../../Engine/Content/EditorLandscapeResources/DataLayer.uasset" 36
"../../../Engine/Content/EditorLandscapeResources/DefaultAlphaTexture.uasset" 37
"../../../Engine/Content/EditorMaterials/MAT_Groups_Toggle.uasset" 38
"../../../Engine/Content/EditorMaterials/MAT_Groups_Visibility.uasset" 39
"../../../Engine/Content/EditorMaterials/PreviewShadowIndicator.uasset" 40
"../../../Engine/Content/EditorMaterials/PreviewShadowIndicatorMaterial.uasset" 41
"../../../Engine/Content/EditorMaterials/MatineeGroups/MAT_ColorTrack.uasset" 42
"../../../Engine/Content/EditorMaterials/MatineeGroups/MAT_Groups_Anim.uasset" 43
"../../../Engine/Content/EditorMaterials/MatineeGroups/MAT_Groups_AudioMaster.uasset" 44
"../../../Engine/Content/EditorMaterials/MatineeGroups/MAT_Groups_Director.uasset" 45
"../../../Engine/Content/EditorMaterials/MatineeGroups/MAT_Groups_Event.uasset" 46
"../../../Engine/Content/EditorMaterials/MatineeGroups/MAT_Groups_Fade.uasset" 47
"../../../Engine/Content/EditorMaterials/MatineeGroups/MAT_Groups_Float.uasset" 48
"../../../Engine/Content/EditorMaterials/MatineeGroups/MAT_Groups_Move.uasset" 49
"../../../Engine/Content/EditorMaterials/MatineeGroups/MAT_Groups_Slomo.uasset" 50
"../../../Engine/Content/EditorMaterials/MatineeGroups/MAT_Groups_Sound.uasset" 51
"../../../Engine/Content/EditorMaterials/MatineeGroups/MAT_Groups_Vector.uasset" 52
"../../../Engine/Content/EditorMaterials/ParticleSystems/PSysThumbnail_NoImage.uasset" 53
"../../../Engine/Content/EditorMaterials/ParticleSystems/PSysThumbnail_OOD.uasset" 54
"../../../Engine/Content/EditorMaterials/Camera/CineMat.uasset" 55
"../../../Engine/Content/EditorMaterials/Camera/MI_CineMat_Rig.uasset" 56
"../../../Engine/Content/EditorMeshes/Camera/SM_CraneRig_Arm.uasset" 57
"../../../Engine/Content/EditorMeshes/Camera/SM_CraneRig_Base.uasset" 58
"../../../Engine/Content/EditorMeshes/Camera/SM_CraneRig_Body.uasset" 59
"../../../Engine/Content/EditorMeshes/Camera/SM_CraneRig_Mount.uasset" 60
"../../../Engine/Content/EditorMeshes/Camera/SM_RailRig_Mount.uasset" 61
"../../../Engine/Content/EditorMeshes/Camera/SM_RailRig_Track.uasset" 62
"../../../Engine/Content/EditorResources/BSPVertex.uasset" 63
"../../../Engine/Content/EditorResources/EmptyActor.uasset" 64
"../../../Engine/Content/EditorResources/S_Actor.uasset" 65
"../../../Engine/Content/EditorResources/S_Note.uasset" 66
"../../../Engine/Content/EditorResources/S_Solver.uasset" 67
"../../../Engine/Content/EditorResources/S_Terrain.uasset" 68
"../../../Engine/Content/EditorResources/S_Trigger.uasset" 69
"../../../Engine/Content/EditorResources/LightIcons/S_LightError.uasset" 70
"../../../Engine/Content/EditorResources/SequenceRecorder/Countdown.uasset" 71
"../../../Engine/Content/EditorResources/SequenceRecorder/RecordingIndicator.uasset" 72
"../../../Engine/Content/EngineDamageTypes/DmgTypeBP_Environmental.uasset" 73
"../../../Engine/Content/EngineDebugMaterials/DebugEditorMaterial.uasset" 74
"../../../Engine/Content/EngineDebugMaterials/DebugMeshMaterial.uasset" 75
"../../../Engine/Content/EngineDebugMaterials/M_SimpleUnlitTranslucent.uasset" 76
"../../../Engine/Content/EngineDebugMaterials/VolumeToRender.uasset" 77
"../../../Engine/Content/Functions/Engine_MaterialFunctions02/Utility/CameraDirectionVector.uasset" 78
"../../../Engine/Content/EngineDebugMaterials/M_VolumeRenderSphereTracePP.uasset" 79
"../../../Engine/Content/Functions/Engine_MaterialFunctions01/Shading/ConvertFromDiffSpec.uasset" 80
"../../../Engine/Content/EngineDebugMaterials/VertexColorMaterial.uasset" 81
"../../../Engine/Content/EngineDebugMaterials/WireframeMaterial.uasset" 82
"../../../Engine/Content/EngineFonts/Faces/RobotoRegular.uasset" 83
"../../../Engine/Content/EngineFonts/Faces/RobotoLight.uasset" 84
"../../../Engine/Content/EngineFonts/Faces/RobotoItalic.uasset" 85
"../../../Engine/Content/EngineFonts/Faces/RobotoBoldItalic.uasset" 86
"../../../Engine/Content/EngineFonts/Faces/RobotoBold.uasset" 87
"../../../Engine/Content/EngineFonts/Faces/DroidSansFallback.uasset" 88
"../../../Engine/Content/EngineFonts/Roboto.uasset" 89
"../../../Engine/Content/EngineMaterials/BaseFlattenNormalMap.uasset" 90
"../../../Engine/Content/EngineMaterials/BaseFlattenGrayscaleMap.uasset" 91
"../../../Engine/Content/EngineMaterials/BaseFlattenEmissiveMap.uasset" 92
"../../../Engine/Content/EngineMaterials/BaseFlattenDiffuseMap.uasset" 93
"../../../Engine/Content/EngineMaterials/BaseFlattenMaterial.uasset" 94
"../../../Engine/Content/EngineMaterials/BlueNoise.uasset" 95
"../../../Engine/Content/EngineMaterials/DefaultBloomKernel.uasset" 96
"../../../Engine/Content/EngineMaterials/DefaultBokeh.uasset" 97
"../../../Engine/Content/EngineMaterials/DefaultDiffuse.uasset" 98
"../../../Engine/Content/EngineMaterials/DefaultDeferredDecalMaterial.uasset" 99
"../../../Engine/Content/EngineMaterials/DefaultLightFunctionMaterial.uasset" 100
"../../../Engine/Content/EngineMaterials/DefaultPhysicalMaterial.uasset" 101
"../../../Engine/Content/Functions/Engine_MaterialFunctions02/Utility/BreakOutFloat2Components.uasset" 102
"../../../Engine/Content/EngineMaterials/DefaultPostProcessMaterial.uasset" 103
"../../../Engine/Content/EngineFonts/RobotoDistanceField.uasset" 104
"../../../Engine/Content/EngineMaterials/DefaultTextMaterialOpaque.uasset" 105
"../../../Engine/Content/EngineMaterials/DefaultWhiteGrid.uasset" 106
"../../../Engine/Content/EngineMaterials/DefaultWhiteGrid_Low.uasset" 107
"../../../Engine/Content/EngineMaterials/EmissiveMeshMaterial.uasset" 108
"../../../Engine/Content/EngineMaterials/GizmoMaterial.uasset" 109
"../../../Engine/Content/EngineMaterials/Good64x64TilingNoiseHighFreq.uasset" 110
"../../../Engine/Content/EngineMaterials/MiniFont.uasset" 111
"../../../Engine/Content/EngineMaterials/InvalidLightmapSettings.uasset" 112
"../../../Engine/Content/EngineMaterials/M_InvalidLightmapSettings.uasset" 113
"../../../Engine/Content/Functions/Engine_MaterialFunctions02/WorldPositionOffset/CameraOffset.uasset" 114
"../../../Engine/Content/EngineMaterials/PhAT_JointLimitMaterial.uasset" 115
"../../../Engine/Content/EngineMaterials/PreintegratedSkinBRDF.uasset" 116
"../../../Engine/Content/EngineMaterials/RemoveSurfaceMaterial.uasset" 117
"../../../Engine/Content/EngineMaterials/WeightMapPlaceholderTexture.uasset" 118
"../../../Engine/Content/EngineResources/WhiteSquareTexture.uasset" 119
"../../../Engine/Content/EngineMaterials/Widget3DPassThrough.uasset" 120
"../../../Engine/Content/EngineMaterials/Widget3DPassThrough_Masked.uasset" 121
"../../../Engine/Content/EngineMaterials/Widget3DPassThrough_Opaque.uasset" 122
"../../../Engine/Content/EngineMaterials/Widget3DPassThrough_Masked_OneSided.uasset" 123
"../../../Engine/Content/EngineMaterials/Widget3DPassThrough_Opaque_OneSided.uasset" 124
"../../../Engine/Content/EngineMaterials/Widget3DPassThrough_Translucent.uasset" 125
"../../../Engine/Content/EngineMaterials/Widget3DPassThrough_Translucent_OneSided.uasset" 126
"../../../Engine/Content/EngineMeshes/Cylinder.uasset" 127
"../../../Engine/Content/EngineMeshes/Sphere.uasset" 128
"../../../Engine/Content/EngineResources/Black.uasset" 129
"../../../Engine/Content/EngineResources/DefaultTextureCube.uasset" 130
"../../../Engine/Content/EngineResources/DefaultVolumeTexture2D.uasset" 131
"../../../Engine/Content/EngineResources/DefaultVolumeTexture.uasset" 132
"../../../Engine/Content/EngineResources/GradientTexture0.uasset" 133
"../../../Engine/Content/EngineSky/VolumetricClouds/T_NoiseShape64.uasset" 134
"../../../Engine/Content/EngineSky/VolumetricClouds/T_VolumeNoiseShape64.uasset" 135
"../../../Engine/Content/EngineSky/VolumetricClouds/T_NoiseErosion.uasset" 136
"../../../Engine/Content/EngineSky/VolumetricClouds/T_VolumeNoiseErosion32.uasset" 137
"../../../Engine/Content/EngineSky/VolumetricClouds/CloudWeatherTexture.uasset" 138
"../../../Engine/Content/EngineSky/VolumetricClouds/CloudGradientTexture.uasset" 139
"../../../Engine/Content/Functions/Engine_MaterialFunctions02/Utility/MakeFloat2.uasset" 140
"../../../Engine/Content/EngineSky/VolumetricClouds/m_SimpleVolumetricCloud.uasset" 141
"../../../Engine/Content/EngineSky/VolumetricClouds/m_SimpleVolumetricCloud_Inst.uasset" 142
"../../../Engine/Content/EngineSounds/Master.uasset" 143
"../../../Engine/Content/Functions/Engine_MaterialFunctions01/Shading/PowerToRoughness.uasset" 144
"../../../Engine/Content/Maps/Templates/Thumbnails/Default.uasset" 145
"../../../Engine/Content/Maps/Templates/Thumbnails/TimeOfDay.uasset" 146
"../../../Engine/Content/Maps/Templates/Thumbnails/VR-Basic.uasset" 147
"../../../Engine/Content/MobileResources/T_MobileControls_texture.uasset" 148
"../../../Engine/Content/MobileResources/T_MobileMenu2.uasset" 149
"../../../Engine/Content/MobileResources/HUD/AnalogHat.uasset" 150
"../../../Engine/Content/MobileResources/HUD/VirtualJoystick_Thumb.uasset" 151
"../../../Engine/Content/MobileResources/HUD/VirtualJoystick_Background.uasset" 152
"../../../Engine/Content/MobileResources/HUD/DefaultVirtualJoysticks.uasset" 153
"../../../Engine/Content/MobileResources/HUD/LeftVirtualJoystickOnly.uasset" 154
"../../../Engine/Content/MobileResources/HUD/MobileHUDButton1_off.uasset" 155
"../../../Engine/Content/MobileResources/HUD/MobileHUDButton1_on.uasset" 156
"../../../Engine/Content/MobileResources/HUD/MobileHUDButton2_off.uasset" 157
"../../../Engine/Content/MobileResources/HUD/MobileHUDButton2_on.uasset" 158
"../../../Engine/Content/MobileResources/HUD/MobileHUDButton3.uasset" 159
"../../../Engine/Content/MobileResources/HUD/MobileHUDButtonFire.uasset" 160
"../../../Engine/Content/MobileResources/HUD/MobileHUDDirectionPad.uasset" 161
"../../../Engine/Content/MobileResources/HUD/MobileHUDDirectionPad2.uasset" 162
"../../../Engine/Content/MobileResources/HUD/MobileHUDDirectionPad3.uasset" 163
"../../../Engine/Content/MobileResources/HUD/MobileHUDDirectionStick.uasset" 164
"../../../Engine/Content/MobileResources/HUD/T_Castle_ThumbstickInner.uasset" 165
"../../../Engine/Content/MobileResources/HUD/T_Castle_ThumbstickOutter.uasset" 166
"../../../Engine/Content/Tutorial/ContentIntroCurve.uasset" 167
"../../../Engine/Content/Tutorial/Basics/LevelEditorAttract.uasset" 168
"../../../Engine/Content/Tutorial/Basics/TutorialAssets/icon_tab_Levels_40x.uasset" 169
"../../../Engine/Content/Tutorial/Basics/LevelEditorOverview.uasset" 170
"../../../Engine/Content/VREditor/TransformGizmo/TranslucentTransformGizmoMaterial.uasset" 171
"../../../Engine/Content/VREditor/LaserPointer/VR_LaserPower_01.uasset" 172
"../../../Engine/Content/VREditor/TransformGizmo/TransformGizmoMaterial.uasset" 173
"../../../Engine/Content/VREditor/TransformGizmo/BoundingBoxCorner.uasset" 174
"../../../Engine/Content/VREditor/TransformGizmo/BoundingBoxEdge.uasset" 175
"../../../Engine/Content/VREditor/TransformGizmo/PlaneTranslationHandle.uasset" 176
"../../../Engine/Content/VREditor/TransformGizmo/Xray.uasset" 177
"../../../Engine/Content/VREditor/TransformGizmo/Main.uasset" 178
"../../../Engine/Content/VREditor/TransformGizmo/SM_Sequencer_Key.uasset" 179
"../../../Engine/Content/VREditor/TransformGizmo/SM_Sequencer_Node.uasset" 180
"../../Plugins/2D/Paper2D/Content/PlaceholderTextures/DummySpriteTexture.uasset" 181
"../../Plugins/2D/Paper2D/Content/DummySprite.uasset" 182
"../../Plugins/2D/Paper2D/Content/DefaultPaperTerrainMaterial.uasset" 183
"../../Plugins/2D/Paper2D/Content/DefaultSpriteMaterial.uasset" 184
"../../Plugins/2D/Paper2D/Content/MaskedUnlitSpriteMaterial.uasset" 185
"../../Plugins/2D/Paper2D/Content/OpaqueUnlitSpriteMaterial.uasset" 186
"../../../Engine/Content/Functions/Engine_MaterialFunctions02/Utility/BreakOutFloat3Components.uasset" 187
"../../Plugins/Editor/SpeedTreeImporter/Content/SpeedTree9/UnpackInteger3.uasset" 188
"../../Plugins/Editor/SpeedTreeImporter/Content/SpeedTree9/UnpackDirection.uasset" 189
"../../Plugins/Editor/SpeedTreeImporter/Content/SpeedTree9/game_wind_noise.uasset" 190
"../../../Engine/Content/Functions/Engine_MaterialFunctions02/SafeNormalize.uasset" 191
"../../Plugins/Editor/SpeedTreeImporter/Content/SpeedTree9/SpeedTreeWindMotion.uasset" 192
"../../Plugins/Editor/SpeedTreeImporter/Content/SpeedTree9/SpeedTreeBranchMotion.uasset" 193
"../../../Engine/Content/Functions/Engine_MaterialFunctions02/ObjectLocalBounds.uasset" 194
"../../../Engine/Content/Functions/Engine_MaterialFunctions02/UVs/BoundingBoxBased_0-1_UVW.uasset" 195
"../../Plugins/Editor/SpeedTreeImporter/Content/SpeedTree9/SpeedTreeWind.uasset" 196
"../../Plugins/Editor/SpeedTreeImporter/Content/SpeedTree9/SpeedTreeBillboard.uasset" 197
"../../../Engine/Content/EngineResources/DefaultTexture.uasset" 198
"../../Plugins/Editor/SpeedTreeImporter/Content/SpeedTree9/SpeedTreeBillboardMaster.uasset" 199
"../../Plugins/Editor/SpeedTreeImporter/Content/SpeedTree9/SpeedTreeCameraFacing.uasset" 200
"../../Plugins/Editor/SpeedTreeImporter/Content/SpeedTree9/SpeedTreeMaster.uasset" 201
"../../../Engine/Content/BasicShapes/Cylinder.uasset" 202
"../../../Engine/Content/ArtTools/RenderToTexture/Materials/Debug/M_Emissive_Color.uasset" 203
"../../Plugins/Lumin/MagicLeapPassableWorld/Content/MagicLeapARPinInfoActor.uasset" 204
"../../../Engine/Content/Functions/Engine_MaterialFunctions02/Utility/BreakOutFloat4Components.uasset" 205
"../../../Engine/Content/Functions/Engine_MaterialFunctions02/Utility/MakeFloat3.uasset" 206
"../../Plugins/Runtime/Oculus/OculusVR/Content/Materials/OculusMR_ChromaKey.uasset" 207
"../../Plugins/Runtime/Oculus/OculusVR/Content/Materials/OculusMR_OpaqueColoredMaterial.uasset" 208
"../../Plugins/Runtime/Oculus/OculusVR/Content/Materials/PokeAHoleMaterial.uasset" 209
"../../../../../../Users/Jedd/Desktop/Speckle Repos/Unreal/SpeckleUnrealProject/Plugins/SpeckleUnreal/Content/SpeckleGlassMaterial.uasset" 210
"../../../Engine/Content/EngineSky/T_Sky_Stars.uasset" 211
"../../../Engine/Content/EngineSky/T_Sky_Clouds_M.uasset" 212
"../../../Engine/Content/EngineSky/T_Sky_Blue.uasset" 213
"../../../Engine/Content/EngineSky/M_Sky_Panning_Clouds2.uasset" 214
"../../../Engine/Content/EngineSky/C_Sky_Zenith_Color.uasset" 215
"../../../Engine/Content/EngineSky/C_Sky_Horizon_Color.uasset" 216
"../../../Engine/Content/EngineSky/C_Sky_Cloud_Color.uasset" 217
"../../../Engine/Content/EngineSky/SM_SkySphere.uasset" 218
"../../../Engine/Content/EditorBlueprintResources/StandardMacros.uasset" 219
"../../../Engine/Content/EngineSky/BP_Sky_Sphere.uasset" 220
"../../../../../../Users/Jedd/Desktop/Speckle Repos/Unreal/SpeckleUnrealProject/Content/NewWorld_BuiltData.uasset" 221
"../../../../../../Users/Jedd/Desktop/Speckle Repos/Unreal/SpeckleUnrealProject/Content/BP_SpeckleManager.uasset" 222
"../../../../../../Users/Jedd/Desktop/Speckle Repos/Unreal/SpeckleUnrealProject/Content/NewWorld.umap" 223
"../../../Engine/Content/Maps/Entry_BuiltData.uasset" 224
"../../../Engine/Content/Maps/Entry.umap" 225
